d:\zewail\year 2\c++\spot_study-plan_organizatio_tool\spot - cie202 project code framework\spot\x64\debug\vc142.pdb
d:\zewail\year 2\c++\spot_study-plan_organizatio_tool\spot - cie202 project code framework\spot\x64\debug\vc142.idb
d:\zewail\year 2\c++\spot_study-plan_organizatio_tool\spot - cie202 project code framework\spot\x64\debug\image.obj
d:\zewail\year 2\c++\spot_study-plan_organizatio_tool\spot - cie202 project code framework\spot\x64\debug\colors.obj
d:\zewail\year 2\c++\spot_study-plan_organizatio_tool\spot - cie202 project code framework\spot\x64\debug\cmugraphics.obj
d:\zewail\year 2\c++\spot_study-plan_organizatio_tool\spot - cie202 project code framework\spot\x64\debug\emptyaction.obj
d:\zewail\year 2\c++\spot_study-plan_organizatio_tool\spot - cie202 project code framework\spot\x64\debug\course.obj
d:\zewail\year 2\c++\spot_study-plan_organizatio_tool\spot - cie202 project code framework\spot\x64\debug\actionaddcourse.obj
d:\zewail\year 2\c++\spot_study-plan_organizatio_tool\spot - cie202 project code framework\spot\x64\debug\actionsignuserup.obj
d:\zewail\year 2\c++\spot_study-plan_organizatio_tool\spot - cie202 project code framework\spot\x64\debug\actionshownotes.obj
d:\zewail\year 2\c++\spot_study-plan_organizatio_tool\spot - cie202 project code framework\spot\x64\debug\actionshowcourseinfo.obj
d:\zewail\year 2\c++\spot_study-plan_organizatio_tool\spot - cie202 project code framework\spot\x64\debug\actionimpreq.obj
d:\zewail\year 2\c++\spot_study-plan_organizatio_tool\spot - cie202 project code framework\spot\x64\debug\actionimportrules.obj
d:\zewail\year 2\c++\spot_study-plan_organizatio_tool\spot - cie202 project code framework\spot\x64\debug\actionimportdefaulplan.obj
d:\zewail\year 2\c++\spot_study-plan_organizatio_tool\spot - cie202 project code framework\spot\x64\debug\actionimportcoursecatalog.obj
d:\zewail\year 2\c++\spot_study-plan_organizatio_tool\spot - cie202 project code framework\spot\x64\debug\actionimport.obj
d:\zewail\year 2\c++\spot_study-plan_organizatio_tool\spot - cie202 project code framework\spot\x64\debug\actionimpoffering.obj
d:\zewail\year 2\c++\spot_study-plan_organizatio_tool\spot - cie202 project code framework\spot\x64\debug\actiondraganddropcrs.obj
d:\zewail\year 2\c++\spot_study-plan_organizatio_tool\spot - cie202 project code framework\spot\x64\debug\actiondeletecourse.obj
d:\zewail\year 2\c++\spot_study-plan_organizatio_tool\spot - cie202 project code framework\spot\x64\debug\actionchangemenuitemto.obj
d:\zewail\year 2\c++\spot_study-plan_organizatio_tool\spot - cie202 project code framework\spot\x64\debug\actionchangebycode.obj
d:\zewail\year 2\c++\spot_study-plan_organizatio_tool\spot - cie202 project code framework\spot\x64\debug\actionaddnotes.obj
d:\zewail\year 2\c++\spot_study-plan_organizatio_tool\spot - cie202 project code framework\spot\x64\debug\studyplan.obj
d:\zewail\year 2\c++\spot_study-plan_organizatio_tool\spot - cie202 project code framework\spot\x64\debug\academicyear.obj
d:\zewail\year 2\c++\spot_study-plan_organizatio_tool\spot - cie202 project code framework\spot\x64\debug\student.obj
d:\zewail\year 2\c++\spot_study-plan_organizatio_tool\spot - cie202 project code framework\spot\x64\debug\stringutils.obj
d:\zewail\year 2\c++\spot_study-plan_organizatio_tool\spot - cie202 project code framework\spot\x64\debug\rules.obj
d:\zewail\year 2\c++\spot_study-plan_organizatio_tool\spot - cie202 project code framework\spot\x64\debug\registrar.obj
d:\zewail\year 2\c++\spot_study-plan_organizatio_tool\spot - cie202 project code framework\spot\x64\debug\main.obj
d:\zewail\year 2\c++\spot_study-plan_organizatio_tool\spot - cie202 project code framework\spot\x64\debug\gui.obj
d:\zewail\year 2\c++\spot_study-plan_organizatio_tool\spot - cie202 project code framework\spot\x64\debug\drawable.obj
d:\zewail\year 2\c++\spot_study-plan_organizatio_tool\spot - cie202 project code framework\spot\x64\debug\windowinput.obj
d:\zewail\year 2\c++\spot_study-plan_organizatio_tool\spot - cie202 project code framework\spot\x64\debug\mousequeue.obj
d:\zewail\year 2\c++\spot_study-plan_organizatio_tool\spot - cie202 project code framework\spot\x64\debug\keyqueue.obj
d:\zewail\year 2\c++\spot_study-plan_organizatio_tool\spot - cie202 project code framework\spot\x64\debug\jerror.obj
d:\zewail\year 2\c++\spot_study-plan_organizatio_tool\spot - cie202 project code framework\spot\x64\debug\jdtrans.obj
d:\zewail\year 2\c++\spot_study-plan_organizatio_tool\spot - cie202 project code framework\spot\x64\debug\jdsample.obj
d:\zewail\year 2\c++\spot_study-plan_organizatio_tool\spot - cie202 project code framework\spot\x64\debug\jdpostct.obj
d:\zewail\year 2\c++\spot_study-plan_organizatio_tool\spot - cie202 project code framework\spot\x64\debug\jdphuff.obj
d:\zewail\year 2\c++\spot_study-plan_organizatio_tool\spot - cie202 project code framework\spot\x64\debug\jdmerge.obj
d:\zewail\year 2\c++\spot_study-plan_organizatio_tool\spot - cie202 project code framework\spot\x64\debug\jdmaster.obj
d:\zewail\year 2\c++\spot_study-plan_organizatio_tool\spot - cie202 project code framework\spot\x64\debug\jdmarker.obj
d:\zewail\year 2\c++\spot_study-plan_organizatio_tool\spot - cie202 project code framework\spot\x64\debug\jdmainct.obj
d:\zewail\year 2\c++\spot_study-plan_organizatio_tool\spot - cie202 project code framework\spot\x64\debug\jdinput.obj
d:\zewail\year 2\c++\spot_study-plan_organizatio_tool\spot - cie202 project code framework\spot\x64\debug\jdhuff.obj
d:\zewail\year 2\c++\spot_study-plan_organizatio_tool\spot - cie202 project code framework\spot\x64\debug\jddctmgr.obj
d:\zewail\year 2\c++\spot_study-plan_organizatio_tool\spot - cie202 project code framework\spot\x64\debug\jdcolor.obj
d:\zewail\year 2\c++\spot_study-plan_organizatio_tool\spot - cie202 project code framework\spot\x64\debug\jdcoefct.obj
d:\zewail\year 2\c++\spot_study-plan_organizatio_tool\spot - cie202 project code framework\spot\x64\debug\jdatasrc.obj
d:\zewail\year 2\c++\spot_study-plan_organizatio_tool\spot - cie202 project code framework\spot\x64\debug\jdapistd.obj
d:\zewail\year 2\c++\spot_study-plan_organizatio_tool\spot - cie202 project code framework\spot\x64\debug\jdapimin.obj
d:\zewail\year 2\c++\spot_study-plan_organizatio_tool\spot - cie202 project code framework\spot\x64\debug\jcparam.obj
d:\zewail\year 2\c++\spot_study-plan_organizatio_tool\spot - cie202 project code framework\spot\x64\debug\jcomapi.obj
d:\zewail\year 2\c++\spot_study-plan_organizatio_tool\spot - cie202 project code framework\spot\x64\debug\jpegload.obj
d:\zewail\year 2\c++\spot_study-plan_organizatio_tool\spot - cie202 project code framework\spot\x64\debug\jutils.obj
d:\zewail\year 2\c++\spot_study-plan_organizatio_tool\spot - cie202 project code framework\spot\x64\debug\jquant2.obj
d:\zewail\year 2\c++\spot_study-plan_organizatio_tool\spot - cie202 project code framework\spot\x64\debug\jquant1.obj
d:\zewail\year 2\c++\spot_study-plan_organizatio_tool\spot - cie202 project code framework\spot\x64\debug\jmemnobs.obj
d:\zewail\year 2\c++\spot_study-plan_organizatio_tool\spot - cie202 project code framework\spot\x64\debug\jmemmgr.obj
d:\zewail\year 2\c++\spot_study-plan_organizatio_tool\spot - cie202 project code framework\spot\x64\debug\jidctred.obj
d:\zewail\year 2\c++\spot_study-plan_organizatio_tool\spot - cie202 project code framework\spot\x64\debug\jidctint.obj
d:\zewail\year 2\c++\spot_study-plan_organizatio_tool\spot - cie202 project code framework\spot\x64\debug\jidctfst.obj
d:\zewail\year 2\c++\spot_study-plan_organizatio_tool\spot - cie202 project code framework\spot\x64\debug\jidctflt.obj
d:\zewail\year 2\c++\spot_study-plan_organizatio_tool\spot - cie202 project code framework\spot\x64\debug\listimagesfields.obj
d:\zewail\year 2\c++\spot_study-plan_organizatio_tool\spot - cie202 project code framework\spot\x64\debug\actionmenubar.obj
d:\zewail\year 2\c++\spot-final-final\spot - cie202 project code framework\spot\x64\debug\vc142.pdb
d:\zewail\year 2\c++\spot-final-final\spot - cie202 project code framework\spot\x64\debug\vc142.idb
d:\zewail\year 2\c++\spot-final-final\spot - cie202 project code framework\spot\x64\debug\emptyaction.obj
d:\zewail\year 2\c++\spot-final-final\spot - cie202 project code framework\spot\x64\debug\drawable_parent.obj
d:\zewail\year 2\c++\spot-final-final\spot - cie202 project code framework\spot\x64\debug\course.obj
d:\zewail\year 2\c++\spot-final-final\spot - cie202 project code framework\spot\x64\debug\buttonfield.obj
d:\zewail\year 2\c++\spot-final-final\spot - cie202 project code framework\spot\x64\debug\actionaddcourse.obj
d:\zewail\year 2\c++\spot-final-final\spot - cie202 project code framework\spot\x64\debug\actionsignuserup.obj
d:\zewail\year 2\c++\spot-final-final\spot - cie202 project code framework\spot\x64\debug\actionshownotes.obj
d:\zewail\year 2\c++\spot-final-final\spot - cie202 project code framework\spot\x64\debug\actionshowcourseinfo.obj
d:\zewail\year 2\c++\spot-final-final\spot - cie202 project code framework\spot\x64\debug\actionmenubar.obj
d:\zewail\year 2\c++\spot-final-final\spot - cie202 project code framework\spot\x64\debug\actionimpreq.obj
d:\zewail\year 2\c++\spot-final-final\spot - cie202 project code framework\spot\x64\debug\actionimportrules.obj
d:\zewail\year 2\c++\spot-final-final\spot - cie202 project code framework\spot\x64\debug\actionimportdefaulplan.obj
d:\zewail\year 2\c++\spot-final-final\spot - cie202 project code framework\spot\x64\debug\actionimportcoursecatalog.obj
d:\zewail\year 2\c++\spot-final-final\spot - cie202 project code framework\spot\x64\debug\actionimport.obj
d:\zewail\year 2\c++\spot-final-final\spot - cie202 project code framework\spot\x64\debug\actionimpoffering.obj
d:\zewail\year 2\c++\spot-final-final\spot - cie202 project code framework\spot\x64\debug\actiondraganddropcrs.obj
d:\zewail\year 2\c++\spot-final-final\spot - cie202 project code framework\spot\x64\debug\actiondeletecourse.obj
d:\zewail\year 2\c++\spot-final-final\spot - cie202 project code framework\spot\x64\debug\actionchangemenuitemto.obj
d:\zewail\year 2\c++\spot-final-final\spot - cie202 project code framework\spot\x64\debug\actionchangebycode.obj
d:\zewail\year 2\c++\spot-final-final\spot - cie202 project code framework\spot\x64\debug\actionaddnotes.obj
d:\zewail\year 2\c++\spot-final-final\spot - cie202 project code framework\spot\x64\debug\viewfield.obj
d:\zewail\year 2\c++\spot-final-final\spot - cie202 project code framework\spot\x64\debug\text_field.obj
d:\zewail\year 2\c++\spot-final-final\spot - cie202 project code framework\spot\x64\debug\studyplan.obj
d:\zewail\year 2\c++\spot-final-final\spot - cie202 project code framework\spot\x64\debug\academicyear.obj
d:\zewail\year 2\c++\spot-final-final\spot - cie202 project code framework\spot\x64\debug\student.obj
d:\zewail\year 2\c++\spot-final-final\spot - cie202 project code framework\spot\x64\debug\stringutils.obj
d:\zewail\year 2\c++\spot-final-final\spot - cie202 project code framework\spot\x64\debug\rules.obj
d:\zewail\year 2\c++\spot-final-final\spot - cie202 project code framework\spot\x64\debug\registrar.obj
d:\zewail\year 2\c++\spot-final-final\spot - cie202 project code framework\spot\x64\debug\main.obj
d:\zewail\year 2\c++\spot-final-final\spot - cie202 project code framework\spot\x64\debug\listimagesfields.obj
d:\zewail\year 2\c++\spot-final-final\spot - cie202 project code framework\spot\x64\debug\itm_img_list_field.obj
d:\zewail\year 2\c++\spot-final-final\spot - cie202 project code framework\spot\x64\debug\gui.obj
d:\zewail\year 2\c++\spot-final-final\spot - cie202 project code framework\spot\x64\debug\drawable.obj
d:\zewail\year 2\c++\spot-final-final\spot - cie202 project code framework\spot\x64\debug\windowinput.obj
d:\zewail\year 2\c++\spot-final-final\spot - cie202 project code framework\spot\x64\debug\mousequeue.obj
d:\zewail\year 2\c++\spot-final-final\spot - cie202 project code framework\spot\x64\debug\keyqueue.obj
d:\zewail\year 2\c++\spot-final-final\spot - cie202 project code framework\spot\x64\debug\image.obj
d:\zewail\year 2\c++\spot-final-final\spot - cie202 project code framework\spot\x64\debug\colors.obj
d:\zewail\year 2\c++\spot-final-final\spot - cie202 project code framework\spot\x64\debug\cmugraphics.obj
d:\zewail\year 2\c++\spot-final-final\spot - cie202 project code framework\spot\x64\debug\jerror.obj
d:\zewail\year 2\c++\spot-final-final\spot - cie202 project code framework\spot\x64\debug\jdtrans.obj
d:\zewail\year 2\c++\spot-final-final\spot - cie202 project code framework\spot\x64\debug\jdsample.obj
d:\zewail\year 2\c++\spot-final-final\spot - cie202 project code framework\spot\x64\debug\jdpostct.obj
d:\zewail\year 2\c++\spot-final-final\spot - cie202 project code framework\spot\x64\debug\jdphuff.obj
d:\zewail\year 2\c++\spot-final-final\spot - cie202 project code framework\spot\x64\debug\jdmerge.obj
d:\zewail\year 2\c++\spot-final-final\spot - cie202 project code framework\spot\x64\debug\jdmaster.obj
d:\zewail\year 2\c++\spot-final-final\spot - cie202 project code framework\spot\x64\debug\jdmarker.obj
d:\zewail\year 2\c++\spot-final-final\spot - cie202 project code framework\spot\x64\debug\jdmainct.obj
d:\zewail\year 2\c++\spot-final-final\spot - cie202 project code framework\spot\x64\debug\jdinput.obj
d:\zewail\year 2\c++\spot-final-final\spot - cie202 project code framework\spot\x64\debug\jdhuff.obj
d:\zewail\year 2\c++\spot-final-final\spot - cie202 project code framework\spot\x64\debug\jddctmgr.obj
d:\zewail\year 2\c++\spot-final-final\spot - cie202 project code framework\spot\x64\debug\jdcolor.obj
d:\zewail\year 2\c++\spot-final-final\spot - cie202 project code framework\spot\x64\debug\jdcoefct.obj
d:\zewail\year 2\c++\spot-final-final\spot - cie202 project code framework\spot\x64\debug\jdatasrc.obj
d:\zewail\year 2\c++\spot-final-final\spot - cie202 project code framework\spot\x64\debug\jdapistd.obj
d:\zewail\year 2\c++\spot-final-final\spot - cie202 project code framework\spot\x64\debug\jdapimin.obj
d:\zewail\year 2\c++\spot-final-final\spot - cie202 project code framework\spot\x64\debug\jcparam.obj
d:\zewail\year 2\c++\spot-final-final\spot - cie202 project code framework\spot\x64\debug\jcomapi.obj
d:\zewail\year 2\c++\spot-final-final\spot - cie202 project code framework\spot\x64\debug\jpegload.obj
d:\zewail\year 2\c++\spot-final-final\spot - cie202 project code framework\spot\x64\debug\jutils.obj
d:\zewail\year 2\c++\spot-final-final\spot - cie202 project code framework\spot\x64\debug\jquant2.obj
d:\zewail\year 2\c++\spot-final-final\spot - cie202 project code framework\spot\x64\debug\jquant1.obj
d:\zewail\year 2\c++\spot-final-final\spot - cie202 project code framework\spot\x64\debug\jmemnobs.obj
d:\zewail\year 2\c++\spot-final-final\spot - cie202 project code framework\spot\x64\debug\jmemmgr.obj
d:\zewail\year 2\c++\spot-final-final\spot - cie202 project code framework\spot\x64\debug\jidctred.obj
d:\zewail\year 2\c++\spot-final-final\spot - cie202 project code framework\spot\x64\debug\jidctint.obj
d:\zewail\year 2\c++\spot-final-final\spot - cie202 project code framework\spot\x64\debug\jidctfst.obj
d:\zewail\year 2\c++\spot-final-final\spot - cie202 project code framework\spot\x64\debug\jidctflt.obj
d:\zewail\year 2\c++\spot_study-plan_organizatio_tool\spot - cie202 project code framework\x64\debug\spot.exe
d:\zewail\year 2\c++\spot_study-plan_organizatio_tool\spot - cie202 project code framework\x64\debug\spot.ilk
d:\zewail\year 2\c++\spot_study-plan_organizatio_tool\spot - cie202 project code framework\x64\debug\spot.pdb
d:\zewail\year 2\c++\spot-final-final\spot - cie202 project code framework\spot\x64\debug\actiondeletecourse.obj.enc
d:\zewail\year 2\c++\spot-final-final\spot - cie202 project code framework\spot\x64\debug\registrar.obj.enc
d:\zewail\year 2\c++\spot-final-final\spot - cie202 project code framework\x64\debug\spot.pdb
d:\zewail\year 2\c++\spot-final-final\spot - cie202 project code framework\x64\debug\spot.exe
d:\zewail\year 2\c++\spot-final-final\spot - cie202 project code framework\x64\debug\spot.ilk
d:\zewail\year 2\c++\spot-final-final\spot - cie202 project code framework\spot\x64\debug\spot.tlog\cl.command.1.tlog
d:\zewail\year 2\c++\spot-final-final\spot - cie202 project code framework\spot\x64\debug\spot.tlog\cl.read.1.tlog
d:\zewail\year 2\c++\spot-final-final\spot - cie202 project code framework\spot\x64\debug\spot.tlog\cl.write.1.tlog
d:\zewail\year 2\c++\spot-final-final\spot - cie202 project code framework\spot\x64\debug\spot.tlog\link.command.1.tlog
d:\zewail\year 2\c++\spot-final-final\spot - cie202 project code framework\spot\x64\debug\spot.tlog\link.read.1.tlog
d:\zewail\year 2\c++\spot-final-final\spot - cie202 project code framework\spot\x64\debug\spot.tlog\link.write.1.tlog
